1,1,7,2009/12/28 10:56:30,0,0,0,0,71458984
1,1,7,2009/12/28 10:59:30,0,0,0,0,71876776
1,1,7,2009/12/28 11:00:05,0,0,0,0,71074656
1,1,7,2009/12/28 12:01:21,0,0,0,0,71607080
1,1,7,2009/12/28 12:06:21,0,0,0,0,71780392
1,1,7,2009/12/28 12:11:21,0,0,0,0,72370216
1,1,7,2009/12/28 12:16:21,1,1,1,1,73866200
1,1,7,2009/12/28 12:21:21,1,1,1,1,71707844
1,1,7,2009/12/28 12:26:21,1,1,1,1,72156452
1,1,7,2009/12/28 12:31:21,0,0,0,0,73348964
1,1,7,2009/12/28 12:36:21,0,0,0,0,72136532
1,1,7,2009/12/28 12:41:21,0,0,0,0,72619860
1,1,7,2009/12/28 12:46:21,0,0,0,0,73152340
1,1,7,2009/12/28 12:51:21,0,0,0,0,73632924
1,1,7,2009/12/28 12:56:21,0,0,0,0,74157212
1,1,7,2009/12/28 13:26:32,0,0,0,0,72190032
1,1,7,2009/12/28 13:26:38,0,0,0,0,72581848
1,1,7,2009/12/28 13:27:28,1,0,0,0,71579880
1,1,7,2009/12/28 14:25:05,0,0,0,0,71846468
1,1,7,2009/12/28 14:30:05,1,1,0,0,72927812
1,1,7,2009/12/28 14:35:05,0,0,0,0,71617320
1,1,7,2009/12/28 14:40:05,0,0,0,0,72190760
1,1,7,2009/12/28 14:45:05,0,0,0,0,71703796
1,1,7,2009/12/28 14:50:05,0,0,0,0,72457460
1,1,7,2009/12/28 14:55:05,0,0,0,0,73055476
1,1,7,2009/12/28 15:00:05,0,0,0,0,73686260
1,1,7,2009/12/28 15:05:05,0,0,0,0,71723920
1,1,7,2009/12/28 15:10:05,0,0,0,0,72338320
1,1,7,2009/12/28 15:11:10,0,0,0,0,72567696
1,1,7,2009/12/28 15:16:59,0,0,0,0,71765080
1,1,7,2009/12/28 15:21:59,0,0,0,0,72363480
1,1,7,2009/12/28 15:26:59,0,0,0,0,72986072
1,1,7,2009/12/28 15:31:59,0,0,0,0,71690236
1,1,7,2009/12/28 15:36:59,1,1,1,1,72572436
1,1,7,2009/12/28 15:41:59,0,0,0,0,71529812
1,1,7,2009/12/28 15:46:59,0,0,0,0,71784552
1,1,7,2009/12/28 15:51:59,0,0,0,0,72448104
1,1,7,2009/12/28 15:56:59,0,0,0,0,73009472
1,1,7,2009/12/28 16:01:59,0,0,0,0,73615680
1,1,7,2009/12/28 16:04:15,0,0,0,0,71667784
1,1,7,2009/12/28 16:04:42,0,0,0,0,71084688
1,1,7,2009/12/28 16:10:10,1,1,1,1,73433588
1,1,7,2009/12/28 16:15:10,1,1,1,1,75812788
1,1,7,2009/12/28 16:20:10,0,0,0,0,71871388
1,1,7,2009/12/28 16:25:10,1,1,1,1,72371356
1,1,7,2009/12/28 16:30:10,0,0,0,0,71944796
1,1,7,2009/12/28 16:35:10,1,1,0,0,73149020
1,1,7,2009/12/28 16:40:10,1,1,0,0,71567736
1,1,7,2009/12/28 16:45:10,1,1,0,0,72247672
1,1,7,2009/12/28 16:50:10,1,1,0,0,72816172
1,1,7,2009/12/28 16:55:10,1,1,0,0,73520684
1,1,7,2009/12/28 17:00:10,1,1,0,0,71972472
1,1,7,2009/12/28 17:05:10,1,1,0,0,72676984
1,1,7,2009/12/28 17:10:10,1,1,0,0,73307768
1,1,7,2009/12/28 17:15:10,1,1,0,0,71646204
1,1,7,2009/12/28 17:20:10,1,1,0,0,72300512
1,1,7,2009/12/28 17:25:10,1,1,0,0,72988640
1,1,7,2009/12/28 17:30:10,1,1,0,0,73578464
1,1,7,2009/12/28 17:35:10,1,1,0,0,71783392
1,1,7,2009/12/28 17:39:47,1,1,0,0,72347144
1,1,7,2009/12/28 17:52:04,0,0,0,0,71498068
1,1,7,2009/12/28 17:57:04,0,0,0,0,72065348
1,1,7,2009/12/28 18:02:04,0,0,0,0,72671556
1,1,7,2009/12/28 18:07:04,0,0,0,0,71575672
1,1,7,2009/12/28 18:12:04,1,1,1,1,72338880
1,1,7,2009/12/28 18:17:04,1,1,1,1,72891564
1,1,7,2009/12/28 18:22:04,0,0,0,0,71770600
1,1,7,2009/12/28 18:27:04,0,0,0,0,72317260
1,1,7,2009/12/28 18:29:43,0,0,0,0,72423712
1,1,7,2009/12/28 18:37:11,1,1,1,1,72336512
1,1,7,2009/12/28 18:42:11,1,1,1,1,73794688
1,1,7,2009/12/28 18:47:11,1,1,1,1,75203712
1,1,7,2009/12/28 18:52:11,1,1,1,1,76522624
1,1,7,2009/12/28 18:57:11,1,1,1,1,78390400
1,1,7,2009/12/28 19:02:11,1,1,1,1,72438764
1,1,7,2009/12/28 19:07:11,2,2,2,2,72912084
1,1,7,2009/12/28 19:12:11,2,2,2,2,72783836
1,1,7,2009/12/28 19:17:11,2,2,2,2,73510104
1,1,7,2009/12/28 19:22:11,1,1,1,1,73030864
1,1,7,2009/12/28 19:27:11,0,0,0,0,72125000
1,1,7,2009/12/28 19:32:11,1,1,1,1,73104896
1,1,7,2009/12/28 19:37:11,0,0,0,0,71567264
1,1,7,2009/12/28 19:42:11,2,2,2,2,73664828
1,1,7,2009/12/28 19:47:11,1,1,1,1,71798876
1,1,7,2009/12/28 19:52:11,1,1,1,1,72122192
1,1,7,2009/12/28 19:57:11,1,1,1,1,73170284
1,1,7,2009/12/28 20:02:11,0,0,0,0,72504360
1,1,7,2009/12/28 20:07:11,0,0,0,0,73167912
1,1,7,2009/12/28 20:12:11,0,0,0,0,72932400
1,1,7,2009/12/28 20:17:11,0,0,0,0,72204336
1,1,7,2009/12/28 20:22:11,0,0,0,0,72769660
1,1,7,2009/12/28 20:27:11,0,0,0,0,73099964
1,1,7,2009/12/28 20:32:11,0,0,0,0,71923292
1,1,7,2009/12/28 20:37:11,0,0,0,0,72521308
